<?xml version="1.0" encoding="UTF-8" ?>
<testsuite errors="0" failures="0" hostname="Infva06931" name="Test.screenshot" skipped="0" tests="1" time="37.551" timestamp="2017-11-24T15:55:27">
  <properties>
[...]
</properties>
  <testcase classname="Test.screenshot" name="cde" time="37.426" />
  <system-out><![CDATA[4.3
022 6795 4545
]]></system-out>
  <system-err><![CDATA[1511538929361	geckodriver	INFO	Listening on 127.0.0.1:4211
1511538930095	geckodriver::marionette	INFO	Starting browser C:\Program Files\Mozilla Firefox\firefox.exe with args ["-marionette"]
1511538934234	Marionette	INFO	Listening on port 64183
Nov 24, 2017 9:25:34 PM org.openqa.selenium.remote.ProtocolHandshake createSession
INFO: Detected dialect: W3C
JavaScript warning: https://www.google.co.in/maps?source=tldso, line 4112: Error: WebGL warning: texSubImage2D: Texture has not been initialized prior to a partial upload, forcing the browser to clear it. This may be slow.
JavaScript warning: https://www.google.co.in/maps?source=tldso, line 4112: Error: WebGL warning: texSubImage2D: This operation requires zeroing texture data. This is slow.
JavaScript warning: https://www.google.co.in/maps?source=tldso, line 4112: Error: WebGL warning: texSubImage2D: Texture has not been initialized prior to a partial upload, forcing the browser to clear it. This may be slow.
JavaScript warning: https://www.google.co.in/maps?source=tldso, line 4112: Error: WebGL warning: texSubImage2D: This operation requires zeroing texture data. This is slow.
JavaScript warning: https://www.google.co.in/maps?source=tldso, line 4112: Error: WebGL warning: texSubImage2D: Texture has not been initialized prior to a partial upload, forcing the browser to clear it. This may be slow.
JavaScript warning: https://www.google.co.in/maps?source=tldso, line 4112: Error: WebGL warning: texSubImage2D: This operation requires zeroing texture data. This is slow.
JavaScript warning: https://www.google.co.in/maps?source=tldso, line 4112: Error: WebGL warning: texSubImage2D: Texture has not been initialized prior to a partial upload, forcing the browser to clear it. This may be slow.
JavaScript warning: https://www.google.co.in/maps?source=tldso, line 4112: Error: WebGL warning: texSubImage2D: This operation requires zeroing texture data. This is slow.
JavaScript warning: https://www.google.co.in/maps?source=tldso, line 4112: Error: WebGL warning: texSubImage2D: Texture has not been initialized prior to a partial upload, forcing the browser to clear it. This may be slow.
JavaScript warning: https://www.google.co.in/maps?source=tldso, line 4112: Error: WebGL warning: texSubImage2D: This operation requires zeroing texture data. This is slow.
JavaScript warning: https://www.google.co.in/maps?source=tldso, line 4112: Error: WebGL warning: texSubImage2D: Texture has not been initialized prior to a partial upload, forcing the browser to clear it. This may be slow.
JavaScript warning: https://www.google.co.in/maps?source=tldso, line 4112: Error: WebGL warning: texSubImage2D: This operation requires zeroing texture data. This is slow.
JavaScript warning: https://www.google.co.in/maps?source=tldso, line 4131: Error: WebGL warning: copyTexSubImage2D: Texture has not been initialized prior to a partial upload, forcing the browser to clear it. This may be slow.
JavaScript warning: https://www.google.co.in/maps?source=tldso, line 4131: Error: WebGL warning: copyTexSubImage2D: This operation requires zeroing texture data. This is slow.
JavaScript warning: https://www.google.co.in/maps?source=tldso, line 4112: Error: WebGL warning: texSubImage2D: Texture has not been initialized prior to a partial upload, forcing the browser to clear it. This may be slow.
JavaScript warning: https://www.google.co.in/maps?source=tldso, line 4112: Error: WebGL warning: texSubImage2D: This operation requires zeroing texture data. This is slow.
]]></system-err>
</testsuite>
